#
# An unexpected error has been detected by HotSpot Virtual Machine:
#
#  EXCEPTION_ACCESS_VIOLATION (0xc0000005) at pc=0x6d40919d, pid=1636, tid=4288
#
# Java VM: Java HotSpot(TM) Client VM (1.5.0_07-b03 mixed mode)
# Problematic frame:
# C  [jdwp.dll+0x1919d]
#

---------------  T H R E A D  ---------------

Current thread (0x00a98a18):  JavaThread "JDWP Command Reader" daemon [_thread_in_native, id=4288]

siginfo: ExceptionCode=0xc0000005, reading address 0x00000000

Registers:
EAX=0x00000000, EBX=0x00a87f00, ECX=0x0accfe68, EDX=0x00000001
ESP=0x0accfe4c, EBP=0x0accfe78, ESI=0x00a98a18, EDI=0x02aeee74
EIP=0x6d40919d, EFLAGS=0x00010246

Top of Stack: (sp=0x0accfe4c)
0x0accfe4c:   00000000 00a98948 00a98a18 6d3faed5
0x0accfe5c:   00a98948 6d3fad7b 00a87f40 00000000
0x0accfe6c:   00000ecf 6d020100 0aebfb60 0accfe94
0x0accfe7c:   6d7ee0d7 003b6100 00a98ad8 00000000
0x0accfe8c:   00a98a18 00a98a18 0accfec0 6d83bdad
0x0accfe9c:   00a98a18 00a98a18 00a98a18 00a98a18
0x0accfeac:   00a98fc8 00a98fe8 00a98ff0 00a993dc
0x0accfebc:   00a993e8 0accff80 6d83bd7b 00a98680 

Instructions: (pc=0x6d40919d)
0x6d40918d:   ff 00 c3 56 a1 e0 05 42 6d ff 74 24 08 8b 00 50
0x6d40919d:   8b 08 ff 91 80 00 00 00 50 e8 74 00 00 00 8b f0 


Stack: [0x0ac90000,0x0acd0000),  sp=0x0accfe4c,  free space=255k
Native frames: (J=compiled Java code, j=interpreted, Vv=VM code, C=native code)
C  [jdwp.dll+0x1919d]
V  [jvm.dll+0xbe0d7]
V  [jvm.dll+0x10bdad]
V  [jvm.dll+0x10bd7b]
C  [MSVCRT.dll+0x2a3b0]
C  [kernel32.dll+0xb713]


---------------  P R O C E S S  ---------------

Java Threads: ( => current thread )
  0x00a9d8e8 JavaThread "Low Memory Detector" daemon [_thread_blocked, id=6056]
  0x00a9c008 JavaThread "CompilerThread0" daemon [_thread_blocked, id=5620]
  0x00a9be68 JavaThread "Signal Dispatcher" daemon [_thread_blocked, id=4520]
=>0x00a98a18 JavaThread "JDWP Command Reader" daemon [_thread_in_native, id=4288]
  0x00a97b68 JavaThread "JDWP Event Helper Thread" daemon [_thread_blocked, id=3948]
  0x003b7910 JavaThread "JDWP Transport Listener: dt_socket" daemon [_thread_in_vm, id=244]
  0x00a87460 JavaThread "Finalizer" daemon [_thread_blocked, id=5808]
  0x00a869a8 JavaThread "Reference Handler" daemon [_thread_blocked, id=388]
  0x003b70b0 JavaThread "main" [_thread_blocked, id=4984]

Other Threads:
  0x00a48be8 VMThread [id=2612]

VM state:synchronizing (normal execution)

VM Mutex/Monitor currently owned by a thread:  ([mutex/lock_event])
[0x003b6700/0x00002f10] Threads_lock - owner thread: 0x00a48be8

Heap
 def new generation   total 704K, used 6K [0x02ad0000, 0x02b90000, 0x02fb0000)
  eden space 640K,   1% used [0x02ad0000, 0x02ad19f0, 0x02b70000)
  from space 64K,   0% used [0x02b80000, 0x02b80000, 0x02b90000)
  to   space 64K,   0% used [0x02b70000, 0x02b70000, 0x02b80000)
 tenured generation   total 9068K, used 2468K [0x02fb0000, 0x0388b000, 0x06ad0000)
   the space 9068K,  27% used [0x02fb0000, 0x03219080, 0x03219200, 0x0388b000)
 compacting perm gen  total 8192K, used 7173K [0x06ad0000, 0x072d0000, 0x0aad0000)
   the space 8192K,  87% used [0x06ad0000, 0x071d1668, 0x071d1800, 0x072d0000)
No shared spaces configured.

Dynamic libraries:
0x00400000 - 0x0040d000 	C:\java\j2sdk.1.5\bin\javaw.exe
0x7c900000 - 0x7c9af000 	C:\WINDOWS\system32\ntdll.dll
0x7c800000 - 0x7c8f6000 	C:\WINDOWS\system32\kernel32.dll
0x77dd0000 - 0x77e6b000 	C:\WINDOWS\system32\ADVAPI32.dll
0x77e70000 - 0x77f02000 	C:\WINDOWS\system32\RPCRT4.dll
0x77fe0000 - 0x77ff1000 	C:\WINDOWS\system32\Secur32.dll
0x7e410000 - 0x7e4a1000 	C:\WINDOWS\system32\USER32.dll
0x77f10000 - 0x77f59000 	C:\WINDOWS\system32\GDI32.dll
0x77c10000 - 0x77c68000 	C:\WINDOWS\system32\MSVCRT.dll
0x6d730000 - 0x6d8c7000 	C:\java\j2sdk.1.5\jre\bin\client\jvm.dll
0x76b40000 - 0x76b6d000 	C:\WINDOWS\system32\WINMM.dll
0x6d2f0000 - 0x6d2f8000 	C:\java\j2sdk.1.5\jre\bin\hpi.dll
0x76bf0000 - 0x76bfb000 	C:\WINDOWS\system32\PSAPI.DLL
0x6d3f0000 - 0x6d425000 	C:\java\j2sdk.1.5\jre\bin\jdwp.dll
0x6d700000 - 0x6d70c000 	C:\java\j2sdk.1.5\jre\bin\verify.dll
0x6d370000 - 0x6d38d000 	C:\java\j2sdk.1.5\jre\bin\java.dll
0x6d720000 - 0x6d72f000 	C:\java\j2sdk.1.5\jre\bin\zip.dll
0x6d290000 - 0x6d297000 	C:\java\j2sdk.1.5\jre\bin\dt_socket.dll
0x71ab0000 - 0x71ac7000 	C:\WINDOWS\system32\WS2_32.dll
0x71aa0000 - 0x71aa8000 	C:\WINDOWS\system32\WS2HELP.dll
0x71a50000 - 0x71a8f000 	C:\WINDOWS\System32\mswsock.dll
0x76f20000 - 0x76f47000 	C:\WINDOWS\system32\DNSAPI.dll
0x76fb0000 - 0x76fb8000 	C:\WINDOWS\System32\winrnr.dll
0x76f60000 - 0x76f8c000 	C:\WINDOWS\system32\WLDAP32.dll
0x76fc0000 - 0x76fc6000 	C:\WINDOWS\system32\rasadhlp.dll
0x662b0000 - 0x66308000 	C:\WINDOWS\system32\hnetcfg.dll
0x71a90000 - 0x71a98000 	C:\WINDOWS\System32\wshtcpip.dll
0x77b40000 - 0x77b62000 	C:\WINDOWS\system32\Apphelp.dll
0x77c00000 - 0x77c08000 	C:\WINDOWS\system32\VERSION.dll
0x6d530000 - 0x6d543000 	C:\java\j2sdk.1.5\jre\bin\net.dll
0x6d550000 - 0x6d559000 	C:\java\j2sdk.1.5\jre\bin\nio.dll

VM Arguments:
jvm_args: -agentlib:jdwp=transport=dt_socket,suspend=y,address=localhost:3433 -Dmaven.home=EMBEDDED -Dclassworlds.conf=C:\java\MY_PROJECTS\.metadata\.plugins\org.maven.ide.eclipse\launches\m2conf32011.tmp -Dfile.encoding=Cp1254
java_command: org.codehaus.classworlds.Launcher -B -Dmaven.test.skip=true -s C:\Documents and Settings\tdiler\.m2\settings.xml exec:java
Launcher Type: SUN_STANDARD

Environment Variables:
JAVA_HOME=C:\java\j2sdk.1.5
CLASSPATH=.;C:\PROGRA~1\IBM\SQLLIB\java\db2java.zip;C:\PROGRA~1\IBM\SQLLIB\java\db2jcc.jar;C:\PROGRA~1\IBM\SQLLIB\java\sqlj.zip;C:\PROGRA~1\IBM\SQLLIB\java\db2jcc_license_cu.jar;C:\PROGRA~1\IBM\SQLLIB\bin;C:\PROGRA~1\IBM\SQLLIB\java\common.jar
PATH=C:\java\j2sdk.1.5\jre\bin;C:/Program Files/Java/jre1.6.0_02/bin/client;C:/Program Files/Java/jre1.6.0_02/bin;C:\WINDOWS\system32;C:\WINDOWS;C:\WINDOWS\System32\Wbem;C:\PROGRA~1\IBM\SQLLIB\BIN;C:\PROGRA~1\IBM\SQLLIB\FUNCTION;C:\PROGRA~1\IBM\SQLLIB\SAMPLES\REPL;C:\Program Files\TortoiseSVN\bin;C:\Program Files\MySQL\MySQL Server 5.0\bin;C:\java\j2sdk.1.5\bin;C:\java\liquibase-1.9.0;C:\java\svn-win32-1.5.4\bin;C:\java\apache-maven-2.2.0\bin
USERNAME=tdiler
OS=Windows_NT
PROCESSOR_IDENTIFIER=x86 Family 6 Model 23 Stepping 10, GenuineIntel



---------------  S Y S T E M  ---------------

OS: Windows XP Build 2600 Service Pack 3

CPU:total 2 family 6, cmov, cx8, fxsr, mmx, sse, sse2, ht

Memory: 4k page, physical 2087084k(725672k free), swap 4025608k(2625752k free)

vm_info: Java HotSpot(TM) Client VM (1.5.0_07-b03) for windows-x86, built on May  3 2006 01:04:38 by "java_re" with MS VC++ 6.0

